<?xml version="1.0" encoding="UTF-8"?>
<testng-results ignored="0" total="1" passed="1" failed="0" skipped="0">
  <reporter-output>
  </reporter-output>
  <suite started-at="2021-06-16T06:19:55Z" name="Default suite" finished-at="2021-06-16T06:19:55Z" duration-ms="31">
    <groups>
    </groups>
    <test started-at="2021-06-16T06:19:55Z" name="Default test" finished-at="2021-06-16T06:19:55Z" duration-ms="31">
      <class name="FirstTest.FirstTestngClass">
        <test-method signature="FirstTest()[pri:0, instance:FirstTest.FirstTestngClass@352c1b98]" started-at="2021-06-16T06:19:55Z" name="FirstTest" finished-at="2021-06-16T06:19:55Z" duration-ms="8" status="PASS">
          <reporter-output>
          </reporter-output>
        </test-method> <!-- FirstTest -->
      </class> <!-- FirstTest.FirstTestngClass -->
    </test> <!-- Default test -->
  </suite> <!-- Default suite -->
</testng-results>
