<?xml version="1.0" encoding="UTF-8"?>
<testng-results ignored="0" total="1" passed="1" failed="0" skipped="0">
  <reporter-output>
  </reporter-output>
  <suite started-at="2021-06-16T07:05:20Z" name="Suite" finished-at="2021-06-16T07:05:20Z" duration-ms="26">
    <groups>
    </groups>
    <test started-at="2021-06-16T07:05:20Z" name="Test" finished-at="2021-06-16T07:05:20Z" duration-ms="26">
      <class name="FirstTest.FirstTestngClass">
        <test-method signature="FirstTest()[pri:0, instance:FirstTest.FirstTestngClass@57576994]" started-at="2021-06-16T07:05:20Z" name="FirstTest" finished-at="2021-06-16T07:05:20Z" duration-ms="5" status="PASS">
          <reporter-output>
          </reporter-output>
        </test-method> <!-- FirstTest -->
      </class> <!-- FirstTest.FirstTestngClass -->
    </test> <!-- Test -->
  </suite> <!-- Suite -->
</testng-results>
